[INFO]    Initialized logging in .\pabot_results
[INFO]    Robot Framework remote server at 127.0.0.1:8270 started.
[DEBUG]   2026-03-17 12:55:31.712465 [PID:29916] [0] [ID:1] EXECUTING Browslogin {./firefox.txt}
[DEBUG]   2026-03-17 12:55:31.713227 [PID:19728] [2] [ID:0] EXECUTING Browslogin {./chrome.txt}
[DEBUG]   2026-03-17 12:55:31.714845 [PID:15708] [1] [ID:2] EXECUTING Browslogin {./edge.txt}
[DEBUG]   2026-03-17 12:55:36.789264 [PID:19728] [2] [ID:0] still running Browslogin {./chrome.txt} after 5.0s
[DEBUG]   2026-03-17 12:55:36.789707 [PID:15708] [1] [ID:2] still running Browslogin {./edge.txt} after 5.0s
[DEBUG]   2026-03-17 12:55:36.789828 [PID:29916] [0] [ID:1] still running Browslogin {./firefox.txt} after 5.0s
[INFO]    2026-03-17 12:55:46.910677 [PID:15708] [1] [ID:2] PASSED Browslogin {./edge.txt} in 15.2 seconds
[DEBUG]   2026-03-17 12:55:47.013062 [PID:19728] [2] [ID:0] still running Browslogin {./chrome.txt} after 15.0s
[DEBUG]   2026-03-17 12:55:47.013204 [PID:29916] [0] [ID:1] still running Browslogin {./firefox.txt} after 15.0s
[INFO]    2026-03-17 12:55:47.932306 [PID:19728] [2] [ID:0] PASSED Browslogin {./chrome.txt} in 16.2 seconds
[DEBUG]   2026-03-17 12:56:02.144168 [PID:29916] [0] [ID:1] still running Browslogin {./firefox.txt} after 30.0s
[INFO]    2026-03-17 12:56:05.669451 [PID:29916] [0] [ID:1] PASSED Browslogin {./firefox.txt} in 34.0 seconds
[INFO]    6 tests, 6 passed, 0 failed, 0 skipped.
[INFO]    ===================================================
[INFO]    Output:  C:\Users\user\Desktop\robotFramwork\output.xml
[INFO]    Log:     C:\Users\user\Desktop\robotFramwork\log.html
[INFO]    Report:  C:\Users\user\Desktop\robotFramwork\report.html
[DEBUG]   Finalizing Pabot execution...
[DEBUG]   Stopping PabotLib process
[INFO]    Robot Framework remote server at 127.0.0.1:8270 stopped.
[DEBUG]   PabotLib process stopped
[INFO]    Total testing: 1 minute 5.40 seconds
[INFO]    Elapsed time:  34.88 seconds
[DEBUG]   Logs flushed successfully.
